0 info it worked if it ends with ok
1 verbose cli [ '/Users/lilcare/.nvm/versions/node/v6.13.1/bin/node',
1 verbose cli   '/Users/lilcare/.nvm/versions/node/v6.13.1/bin/npm',
1 verbose cli   'run',
1 verbose cli   'json' ]
2 info using npm@3.10.10
3 info using node@v6.13.1
4 verbose run-script [ 'prejson', 'json', 'postjson' ]
5 info lifecycle historical-events-finder@1.0.0~prejson: historical-events-finder@1.0.0
6 silly lifecycle historical-events-finder@1.0.0~prejson: no script for prejson, continuing
7 info lifecycle historical-events-finder@1.0.0~json: historical-events-finder@1.0.0
8 verbose lifecycle historical-events-finder@1.0.0~json: unsafe-perm in lifecycle true
9 verbose lifecycle historical-events-finder@1.0.0~json: PATH: /Users/lilcare/.nvm/versions/node/v6.13.1/lib/node_modules/npm/bin/node-gyp-bin:/Users/lilcare/projects/miniApps2/historical-events-finder/node_modules/.bin:/Users/lilcare/.nvm/versions/node/v6.13.1/bin:/Users/lilcare/.nvm/versions/node/v10.16.3/bin:/anaconda3/bin:/usr/local/bin:/usr/bin:/bin:/usr/sbin:/sbin:/opt/X11/bin:/Users/lilcare/.nvm/versions/node/v10.16.3/bin:/anaconda3/bin
10 verbose lifecycle historical-events-finder@1.0.0~json: CWD: /Users/lilcare/projects/miniApps2/historical-events-finder
11 silly lifecycle historical-events-finder@1.0.0~json: Args: [ '-c', 'json-server --watch db.json' ]
12 silly lifecycle historical-events-finder@1.0.0~json: Returned: code: 1  signal: null
13 info lifecycle historical-events-finder@1.0.0~json: Failed to exec json script
14 verbose stack Error: historical-events-finder@1.0.0 json: `json-server --watch db.json`
14 verbose stack Exit status 1
14 verbose stack     at EventEmitter.<anonymous> (/Users/lilcare/.nvm/versions/node/v6.13.1/lib/node_modules/npm/lib/utils/lifecycle.js:255:16)
14 verbose stack     at emitTwo (events.js:106:13)
14 verbose stack     at EventEmitter.emit (events.js:191:7)
14 verbose stack     at ChildProcess.<anonymous> (/Users/lilcare/.nvm/versions/node/v6.13.1/lib/node_modules/npm/lib/utils/spawn.js:40:14)
14 verbose stack     at emitTwo (events.js:106:13)
14 verbose stack     at ChildProcess.emit (events.js:191:7)
14 verbose stack     at maybeClose (internal/child_process.js:920:16)
14 verbose stack     at Process.ChildProcess._handle.onexit (internal/child_process.js:230:5)
15 verbose pkgid historical-events-finder@1.0.0
16 verbose cwd /Users/lilcare/projects/miniApps2/historical-events-finder
17 error Darwin 19.0.0
18 error argv "/Users/lilcare/.nvm/versions/node/v6.13.1/bin/node" "/Users/lilcare/.nvm/versions/node/v6.13.1/bin/npm" "run" "json"
19 error node v6.13.1
20 error npm  v3.10.10
21 error code ELIFECYCLE
22 error historical-events-finder@1.0.0 json: `json-server --watch db.json`
22 error Exit status 1
23 error Failed at the historical-events-finder@1.0.0 json script 'json-server --watch db.json'.
23 error Make sure you have the latest version of node.js and npm installed.
23 error If you do, this is most likely a problem with the historical-events-finder package,
23 error not with npm itself.
23 error Tell the author that this fails on your system:
23 error     json-server --watch db.json
23 error You can get information on how to open an issue for this project with:
23 error     npm bugs historical-events-finder
23 error Or if that isn't available, you can get their info via:
23 error     npm owner ls historical-events-finder
23 error There is likely additional logging output above.
24 verbose exit [ 1, true ]
